Using pre-set license
Built from '2020.3/staging' branch; Version is '2020.3.26f1 (7298b473bc1a) revision 7510196'; Using compiler version '192528614'; Build Type 'Release'
OS: 'Windows 10  (10.0.19044) 64bit Professional' Language: 'en' Physical Memory: 7860 MB
BatchMode: 1, IsHumanControllingUs: 0, StartBugReporterOnCrash: 0, Is64bit: 1, IsPro: 0

COMMAND LINE ARGUMENTS:
C:\Program Files\Unity\Hub\Editor\2020.3.26f1\Editor\Unity.exe
-adb2
-batchMode
-noUpm
-name
AssetImportWorker2
-projectPath
C:/3semester/Game_Engines2/Lab1-BobbleheadWars-2022
-logFile
Logs/AssetImportWorker2.log
-srvPort
53476
Successfully changed project path to: C:/3semester/Game_Engines2/Lab1-BobbleheadWars-2022
C:/3semester/Game_Engines2/Lab1-BobbleheadWars-2022
Using Asset Import Pipeline V2.
Refreshing native plugins compatible for Editor in 112.95 ms, found 3 plugins.
Preloading 0 native plugins for Editor in 0.00 ms.
Initialize engine version: 2020.3.26f1 (7298b473bc1a)
[Subsystems] Discovering subsystems at path C:/Program Files/Unity/Hub/Editor/2020.3.26f1/Editor/Data/Resources/UnitySubsystems
[Subsystems] Discovering subsystems at path C:/3semester/Game_Engines2/Lab1-BobbleheadWars-2022/Assets
GfxDevice: creating device client; threaded=0
Direct3D:
    Version:  Direct3D 11.0 [level 11.1]
    Renderer: Intel(R) HD Graphics 530 (ID=0x191b)
    Vendor:   
    VRAM:     3930 MB
    Driver:   30.0.101.1338
Initialize mono
Mono path[0] = 'C:/Program Files/Unity/Hub/Editor/2020.3.26f1/Editor/Data/Managed'
Mono path[1] = 'C:/Program Files/Unity/Hub/Editor/2020.3.26f1/Editor/Data/MonoBleedingEdge/lib/mono/unityjit'
Mono config path = 'C:/Program Files/Unity/Hub/Editor/2020.3.26f1/Editor/Data/MonoBleedingEdge/etc'
Using monoOptions --debugger-agent=transport=dt_socket,embedding=1,server=y,suspend=n,address=127.0.0.1:56088
Begin MonoManager ReloadAssembly
Registering precompiled unity dll's ...
Register platform support module: C:/Program Files/Unity/Hub/Editor/2020.3.26f1/Editor/Data/PlaybackEngines/WebGLSupport/UnityEditor.WebGL.Extensions.dll
Register platform support module: C:/Program Files/Unity/Hub/Editor/2020.3.26f1/Editor/Data/PlaybackEngines/WindowsStandaloneSupport/UnityEditor.WindowsStandalone.Extensions.dll
Registered in 0.012932 seconds.
Native extension for WindowsStandalone target not found
Native extension for WebGL target not found
Refreshing native plugins compatible for Editor in 101.17 ms, found 3 plugins.
Preloading 0 native plugins for Editor in 0.00 ms.
Mono: successfully reloaded assembly
- Completed reload, in  0.982 seconds
Domain Reload Profiling:
	ReloadAssembly (982ms)
		BeginReloadAssembly (113ms)
			ExecutionOrderSort (0ms)
			DisableScriptedObjects (0ms)
			BackupInstance (0ms)
			ReleaseScriptingObjects (0ms)
			CreateAndSetChildDomain (2ms)
		EndReloadAssembly (720ms)
			LoadAssemblies (104ms)
			RebuildTransferFunctionScriptingTraits (0ms)
			SetupTypeCache (211ms)
			ReleaseScriptCaches (0ms)
			RebuildScriptCaches (38ms)
			SetupLoadedEditorAssemblies (260ms)
				LogAssemblyErrors (0ms)
				InitializePlatformSupportModulesInManaged (8ms)
				SetLoadedEditorAssemblies (0ms)
				RefreshPlugins (101ms)
				BeforeProcessingInitializeOnLoad (11ms)
				ProcessInitializeOnLoadAttributes (104ms)
				ProcessInitializeOnLoadMethodAttributes (35ms)
				AfterProcessingInitializeOnLoad (0ms)
				EditorAssembliesLoaded (0ms)
			ExecutionOrderSort2 (0ms)
			AwakeInstancesAfterBackupRestoration (0ms)
Platform modules already initialized, skipping
Registering precompiled user dll's ...
Registered in 0.020157 seconds.
Begin MonoManager ReloadAssembly
Native extension for WindowsStandalone target not found
Native extension for WebGL target not found
Refreshing native plugins compatible for Editor in 0.64 ms, found 3 plugins.
Preloading 0 native plugins for Editor in 0.00 ms.
Mono: successfully reloaded assembly
- Completed reload, in  3.270 seconds
Domain Reload Profiling:
	ReloadAssembly (3273ms)
		BeginReloadAssembly (236ms)
			ExecutionOrderSort (0ms)
			DisableScriptedObjects (6ms)
			BackupInstance (0ms)
			ReleaseScriptingObjects (0ms)
			CreateAndSetChildDomain (25ms)
		EndReloadAssembly (2884ms)
			LoadAssemblies (1602ms)
			RebuildTransferFunctionScriptingTraits (0ms)
			SetupTypeCache (484ms)
			ReleaseScriptCaches (1ms)
			RebuildScriptCaches (64ms)
			SetupLoadedEditorAssemblies (612ms)
				LogAssemblyErrors (0ms)
				InitializePlatformSupportModulesInManaged (10ms)
				SetLoadedEditorAssemblies (1ms)
				RefreshPlugins (1ms)
				BeforeProcessingInitializeOnLoad (163ms)
				ProcessInitializeOnLoadAttributes (383ms)
				ProcessInitializeOnLoadMethodAttributes (15ms)
				AfterProcessingInitializeOnLoad (39ms)
				EditorAssembliesLoaded (0ms)
			ExecutionOrderSort2 (0ms)
			AwakeInstancesAfterBackupRestoration (9ms)
Platform modules already initialized, skipping
========================================================================
Worker process is ready to serve import requests
Launched and connected shader compiler UnityShaderCompiler.exe after 0.12 seconds
Refreshing native plugins compatible for Editor in 0.54 ms, found 3 plugins.
Preloading 0 native plugins for Editor in 0.00 ms.
Unloading 3116 Unused Serialized files (Serialized files now loaded: 0)
System memory in use before: 108.3 MB.
System memory in use after: 108.5 MB.

Unloading 21 unused Assets to reduce memory usage. Loaded Objects now: 3547.
Total: 4.435400 ms (FindLiveObjects: 0.259500 ms CreateObjectMapping: 0.228000 ms MarkObjects: 3.796600 ms  DeleteObjects: 0.150200 ms)

AssetImportParameters requested are different than current active one (requested -> active):
  custom:framework-win-MediaFoundation: 216162199b28c13a410421893ffa2e32 -> 
  custom:video-decoder-ogg-theora: a1e56fd34408186e4bbccfd4996cb3dc -> 
  custom:container-muxer-webm: aa71ff27fc2769a1b78a27578f13a17b -> 
  custom:container-demuxer-webm: 4f35f7cbe854078d1ac9338744f61a02 -> 
  custom:container-demuxer-ogg: 62fdf1f143b41e24485cea50d1cbac27 -> 
  custom:video-encoder-webm-vp8: eb34c28f22e8b96e1ab97ce403110664 -> 
  custom:video-decoder-webm-vp8: 9c59270c3fd7afecdb556c50c9e8de78 -> 
  custom:audio-decoder-ogg-vorbis: bf7c407c2cedff20999df2af8eb42d56 -> 
  custom:audio-encoder-webm-vorbis: bf7c407c2cedff20999df2af8eb42d56 -> 
========================================================================
Received Import Request.
  path: Assets/New Folder 5
  artifactKey: Guid(5daa10532ca30144dbd44ceb1a4ab508) Importer(815301076,1909f56bfc062723c751e8b465ee728b)
Start importing Assets/New Folder 5 using Guid(5daa10532ca30144dbd44ceb1a4ab508) Importer(815301076,1909f56bfc062723c751e8b465ee728b)  -> (artifact id: 'cd09b30ccb37013d2b11a733e989223e') in 0.014052 seconds 
  Import took 0.019772 seconds .

========================================================================
Received Import Request.
  Time since last request: 0.000282 seconds.
  path: Assets/New Folder
  artifactKey: Guid(bd5596e3dd68e764e8a53a7be33f0c8b) Importer(815301076,1909f56bfc062723c751e8b465ee728b)
Start importing Assets/New Folder using Guid(bd5596e3dd68e764e8a53a7be33f0c8b) Importer(815301076,1909f56bfc062723c751e8b465ee728b)  -> (artifact id: '03248dab95adab097050612ca8169edb') in 0.014175 seconds 
  Import took 0.022972 seconds .

========================================================================
Received Import Request.
  Time since last request: 7.219379 seconds.
  path: Assets/Animations
  artifactKey: Guid(bd5596e3dd68e764e8a53a7be33f0c8b) Importer(815301076,1909f56bfc062723c751e8b465ee728b)
Start importing Assets/Animations using Guid(bd5596e3dd68e764e8a53a7be33f0c8b) Importer(815301076,1909f56bfc062723c751e8b465ee728b)  -> (artifact id: '0e696a77f76661c8206986ef21fc8915') in 0.012794 seconds 
  Import took 0.019290 seconds .

========================================================================
Received Import Request.
  Time since last request: 0.908496 seconds.
  path: Assets/New Folder 1
  artifactKey: Guid(6e260e6e2b41f03408691b66106e3d63) Importer(815301076,1909f56bfc062723c751e8b465ee728b)
Start importing Assets/New Folder 1 using Guid(6e260e6e2b41f03408691b66106e3d63) Importer(815301076,1909f56bfc062723c751e8b465ee728b)  -> (artifact id: '2914f780138ac07792972b8ffd0b47d1') in 0.018948 seconds 
  Import took 0.026718 seconds .

========================================================================
Received Import Request.
  Time since last request: 6.767676 seconds.
  path: Assets/Materials
  artifactKey: Guid(6e260e6e2b41f03408691b66106e3d63) Importer(815301076,1909f56bfc062723c751e8b465ee728b)
Start importing Assets/Materials using Guid(6e260e6e2b41f03408691b66106e3d63) Importer(815301076,1909f56bfc062723c751e8b465ee728b)  -> (artifact id: '2cdb7eead9a44dc1dae458843e314b2d') in 0.010918 seconds 
  Import took 0.018652 seconds .

========================================================================
Received Import Request.
  Time since last request: 1.667867 seconds.
  path: Assets/New Folder 2
  artifactKey: Guid(e9848e7bf2d44e24f907e5bfcfbce85f) Importer(815301076,1909f56bfc062723c751e8b465ee728b)
Start importing Assets/New Folder 2 using Guid(e9848e7bf2d44e24f907e5bfcfbce85f) Importer(815301076,1909f56bfc062723c751e8b465ee728b)  -> (artifact id: '8a94c75f3394d779cbe0f912ebe5d51c') in 0.017830 seconds 
  Import took 0.026465 seconds .

========================================================================
Received Import Request.
  Time since last request: 6.318107 seconds.
  path: Assets/Models
  artifactKey: Guid(e9848e7bf2d44e24f907e5bfcfbce85f) Importer(815301076,1909f56bfc062723c751e8b465ee728b)
Start importing Assets/Models using Guid(e9848e7bf2d44e24f907e5bfcfbce85f) Importer(815301076,1909f56bfc062723c751e8b465ee728b)  -> (artifact id: '9350e3623a50dcd36e8befb6fd453b46') in 0.010235 seconds 
  Import took 0.018512 seconds .

========================================================================
Received Import Request.
  Time since last request: 1.308110 seconds.
  path: Assets/New Folder 3
  artifactKey: Guid(68abd3a3e65167f4bb3befd79c457dd4) Importer(815301076,1909f56bfc062723c751e8b465ee728b)
Start importing Assets/New Folder 3 using Guid(68abd3a3e65167f4bb3befd79c457dd4) Importer(815301076,1909f56bfc062723c751e8b465ee728b)  -> (artifact id: 'e62184990c9019d4a806b47dc62dbb14') in 0.018249 seconds 
  Import took 0.025268 seconds .

========================================================================
Received Import Request.
  Time since last request: 8.068661 seconds.
  path: Assets/Prefabs
  artifactKey: Guid(68abd3a3e65167f4bb3befd79c457dd4) Importer(815301076,1909f56bfc062723c751e8b465ee728b)
Start importing Assets/Prefabs using Guid(68abd3a3e65167f4bb3befd79c457dd4) Importer(815301076,1909f56bfc062723c751e8b465ee728b)  -> (artifact id: '3489e9a2d6e368a39671922d13f3dd8d') in 0.013517 seconds 
  Import took 0.020040 seconds .

========================================================================
Received Import Request.
  Time since last request: 10.249815 seconds.
  path: Assets/Presets
  artifactKey: Guid(5daa10532ca30144dbd44ceb1a4ab508) Importer(815301076,1909f56bfc062723c751e8b465ee728b)
Start importing Assets/Presets using Guid(5daa10532ca30144dbd44ceb1a4ab508) Importer(815301076,1909f56bfc062723c751e8b465ee728b)  -> (artifact id: '50758e13fea172ba81ccf7136babf6b9') in 0.014118 seconds 
  Import took 0.019991 seconds .

========================================================================
Received Import Request.
  Time since last request: 8.321179 seconds.
  path: Assets/New Folder 4
  artifactKey: Guid(ffeb7a6aff565634c8e15e3f64e7b680) Importer(815301076,1909f56bfc062723c751e8b465ee728b)
Start importing Assets/New Folder 4 using Guid(ffeb7a6aff565634c8e15e3f64e7b680) Importer(815301076,1909f56bfc062723c751e8b465ee728b)  -> (artifact id: 'd807ae1bd8b57bf95488a9bf3f67686f') in 0.016185 seconds 
  Import took 0.023457 seconds .

========================================================================
Received Import Request.
  Time since last request: 8.932645 seconds.
  path: Assets/Scripts
  artifactKey: Guid(ffeb7a6aff565634c8e15e3f64e7b680) Importer(815301076,1909f56bfc062723c751e8b465ee728b)
Start importing Assets/Scripts using Guid(ffeb7a6aff565634c8e15e3f64e7b680) Importer(815301076,1909f56bfc062723c751e8b465ee728b)  -> (artifact id: '0041be34da3aa83891fcd0096735f823') in 0.013098 seconds 
  Import took 0.019083 seconds .

========================================================================
Received Import Request.
  Time since last request: 1.470833 seconds.
  path: Assets
  artifactKey: Guid(00000000000000001000000000000000) Importer(815301076,1909f56bfc062723c751e8b465ee728b)
Start importing Assets using Guid(00000000000000001000000000000000) Importer(815301076,1909f56bfc062723c751e8b465ee728b)  -> (artifact id: '42d402b061de3733987d63b9cc3b64de') in 0.013265 seconds 
  Import took 0.021567 seconds .

========================================================================
Received Import Request.
  Time since last request: 12.886538 seconds.
  path: Assets/Textures
  artifactKey: Guid(ed20482d0f77d5840b0a772838437eef) Importer(815301076,1909f56bfc062723c751e8b465ee728b)
Start importing Assets/Textures using Guid(ed20482d0f77d5840b0a772838437eef) Importer(815301076,1909f56bfc062723c751e8b465ee728b)  -> (artifact id: 'b7bcb2250908f136793cf6b25b45b10a') in 0.015187 seconds 
  Import took 0.025395 seconds .

========================================================================
Received Import Request.
  Time since last request: 393.453144 seconds.
  path: Assets/Models/Bobble Wars Marine texture.psd
  artifactKey: Guid(17bfa92e0fd2c234581a40224bb5e050) Importer(815301076,1909f56bfc062723c751e8b465ee728b)
Start importing Assets/Models/Bobble Wars Marine texture.psd using Guid(17bfa92e0fd2c234581a40224bb5e050) Importer(815301076,1909f56bfc062723c751e8b465ee728b)  -> (artifact id: 'c31139f62c65002b707fae07cc6ec240') in 0.221598 seconds 
  Import took 0.228649 seconds .

========================================================================
Received Import Request.
  Time since last request: 0.000344 seconds.
  path: Assets/Models/BobbleMarine-Head.fbx
  artifactKey: Guid(11fae0402cb229b4c8b62230fa7f12fc) Importer(815301076,1909f56bfc062723c751e8b465ee728b)
Start importing Assets/Models/BobbleMarine-Head.fbx using Guid(11fae0402cb229b4c8b62230fa7f12fc) Importer(815301076,1909f56bfc062723c751e8b465ee728b)  -> (artifact id: '75ae02189242f4abc56e3580bfa2c5f6') in 1.160459 seconds 
  Import took 1.168320 seconds .

========================================================================
Received Import Request.
  Time since last request: 0.000483 seconds.
  path: Assets/Models/BobbleMarine-Body.fbx
  artifactKey: Guid(300d4ce6ff5fdfa42bab19541eb6aaa7) Importer(815301076,1909f56bfc062723c751e8b465ee728b)
Start importing Assets/Models/BobbleMarine-Body.fbx using Guid(300d4ce6ff5fdfa42bab19541eb6aaa7) Importer(815301076,1909f56bfc062723c751e8b465ee728b)  -> (artifact id: '450dd15470f775deb91136e1f2f52af7') in 0.298261 seconds 
  Import took 0.304911 seconds .

========================================================================
Received Import Request.
  Time since last request: 226.255414 seconds.
  path: Assets/Models/BobbleMarine-Body.fbx
  artifactKey: Guid(300d4ce6ff5fdfa42bab19541eb6aaa7) Importer(815301076,1909f56bfc062723c751e8b465ee728b)
Start importing Assets/Models/BobbleMarine-Body.fbx using Guid(300d4ce6ff5fdfa42bab19541eb6aaa7) Importer(815301076,1909f56bfc062723c751e8b465ee728b)  -> (artifact id: '5575c0cead3446835d69ae67c351c34b') in 0.253917 seconds 
  Import took 0.264481 seconds .

========================================================================
Received Import Request.
  Time since last request: 0.000325 seconds.
  path: Assets/Models/BobbleMarine-Head.fbx
  artifactKey: Guid(11fae0402cb229b4c8b62230fa7f12fc) Importer(815301076,1909f56bfc062723c751e8b465ee728b)
Start importing Assets/Models/BobbleMarine-Head.fbx using Guid(11fae0402cb229b4c8b62230fa7f12fc) Importer(815301076,1909f56bfc062723c751e8b465ee728b)  -> (artifact id: 'a9e5c447351f7a3a916e2a67b7b7f5cd') in 0.119841 seconds 
  Import took 0.127882 seconds .

========================================================================
Received Prepare
Registering precompiled user dll's ...
Registered in 0.017633 seconds.
Begin MonoManager ReloadAssembly
Native extension for WindowsStandalone target not found
Native extension for WebGL target not found
Refreshing native plugins compatible for Editor in 0.60 ms, found 3 plugins.
Preloading 0 native plugins for Editor in 0.00 ms.
Mono: successfully reloaded assembly
- Completed reload, in  2.465 seconds
Domain Reload Profiling:
	ReloadAssembly (2465ms)
		BeginReloadAssembly (268ms)
			ExecutionOrderSort (0ms)
			DisableScriptedObjects (15ms)
			BackupInstance (0ms)
			ReleaseScriptingObjects (0ms)
			CreateAndSetChildDomain (100ms)
		EndReloadAssembly (2023ms)
			LoadAssemblies (248ms)
			RebuildTransferFunctionScriptingTraits (0ms)
			SetupTypeCache (628ms)
			ReleaseScriptCaches (17ms)
			RebuildScriptCaches (95ms)
			SetupLoadedEditorAssemblies (828ms)
				LogAssemblyErrors (0ms)
				InitializePlatformSupportModulesInManaged (14ms)
				SetLoadedEditorAssemblies (1ms)
				RefreshPlugins (1ms)
				BeforeProcessingInitializeOnLoad (172ms)
				ProcessInitializeOnLoadAttributes (576ms)
				ProcessInitializeOnLoadMethodAttributes (21ms)
				AfterProcessingInitializeOnLoad (43ms)
				EditorAssembliesLoaded (0ms)
			ExecutionOrderSort2 (0ms)
			AwakeInstancesAfterBackupRestoration (12ms)
Platform modules already initialized, skipping
Refreshing native plugins compatible for Editor in 0.64 ms, found 3 plugins.
Preloading 0 native plugins for Editor in 0.00 ms.
Unloading 3112 Unused Serialized files (Serialized files now loaded: 0)
System memory in use before: 111.7 MB.
System memory in use after: 112.0 MB.

Unloading 17 unused Assets to reduce memory usage. Loaded Objects now: 3597.
Total: 3.510900 ms (FindLiveObjects: 0.308400 ms CreateObjectMapping: 0.200100 ms MarkObjects: 2.967000 ms  DeleteObjects: 0.034100 ms)

AssetImportParameters requested are different than current active one (requested -> active):
  custom:framework-win-MediaFoundation: 216162199b28c13a410421893ffa2e32 -> 
  custom:video-decoder-ogg-theora: a1e56fd34408186e4bbccfd4996cb3dc -> 
  custom:container-muxer-webm: aa71ff27fc2769a1b78a27578f13a17b -> 
  custom:container-demuxer-webm: 4f35f7cbe854078d1ac9338744f61a02 -> 
  custom:container-demuxer-ogg: 62fdf1f143b41e24485cea50d1cbac27 -> 
  custom:video-encoder-webm-vp8: eb34c28f22e8b96e1ab97ce403110664 -> 
  custom:video-decoder-webm-vp8: 9c59270c3fd7afecdb556c50c9e8de78 -> 
  custom:audio-decoder-ogg-vorbis: bf7c407c2cedff20999df2af8eb42d56 -> 
  custom:audio-encoder-webm-vorbis: bf7c407c2cedff20999df2af8eb42d56 -> 
========================================================================
Received Import Request.
  Time since last request: 1416.569809 seconds.
  path: Assets/Models/Materials
  artifactKey: Guid(1989d975edab2441580c755665b4b3a1) Importer(815301076,1909f56bfc062723c751e8b465ee728b)
Start importing Assets/Models/Materials using Guid(1989d975edab2441580c755665b4b3a1) Importer(815301076,1909f56bfc062723c751e8b465ee728b)  -> (artifact id: 'bb9513ca2f1ae7b0ebf81085a31d8d89') in 0.020098 seconds 
  Import took 0.030394 seconds .

AssetImportWorkerClient::OnTransportError - code=2 error=End of file
